<?xml version="1.0" encoding="UTF-8"?>
<!-- Generated by org.testng.reporters.JUnitReportReporter -->
<testsuite skipped="0" hostname="DESKTOP-C35QMNU" name="ExtentReports.ExtentReports.Test1" tests="1" failures="0" timestamp="23 Apr 2020 00:05:26 GMT" time="17.120" errors="0">
  <testcase name="initialDemo" time="17.120" classname="ExtentReports.ExtentReports.Test1"/>
</testsuite> <!-- ExtentReports.ExtentReports.Test1 -->
