<?xml version="1.0" encoding="UTF-8"?>
<!-- Generated by org.testng.reporters.JUnitReportReporter -->
<testsuite skipped="0" hostname="DESKTOP-C35QMNU" name="ExtentReports.ExtentReports.ExtentReportDemo" tests="1" failures="0" timestamp="21 Apr 2020 14:01:36 GMT" time="10.080" errors="0">
  <testcase name="initialDemo" time="10.080" classname="ExtentReports.ExtentReports.ExtentReportDemo"/>
</testsuite> <!-- ExtentReports.ExtentReports.ExtentReportDemo -->
